<?xml version="1.0" encoding="UTF-8"?>
<!-- Generated by org.testng.reporters.JUnitReportReporter -->
<testsuite hostname="DESKTOP-D7UD8L1" name="com.AdvancePlus.Test.TST_T1" tests="1" failures="0" timestamp="8 Apr 2021 20:33:55 GMT" time="21.482" errors="0">
  <testcase name="test" time="21.482" classname="com.AdvancePlus.Test.TST_T1"/>
</testsuite> <!-- com.AdvancePlus.Test.TST_T1 -->
