<?xml version="1.0" encoding="UTF-8"?>
<!-- Generated by org.testng.reporters.JUnitReportReporter -->
<testsuite hostname="DESKTOP-D7UD8L1" name="com.api.tests.APITST_T6" tests="1" failures="0" timestamp="8 Apr 2021 20:09:40 GMT" time="0.274" errors="0">
  <testcase name="test" time="0.274" classname="com.api.tests.APITST_T6"/>
</testsuite> <!-- com.api.tests.APITST_T6 -->
