<?xml version="1.0" encoding="UTF-8"?>
<!-- Generated by org.testng.reporters.JUnitReportReporter -->
<testsuite hostname="DESKTOP-D7UD8L1" name="com.AdvancePlus.Test.TST_T2" tests="6" failures="0" timestamp="8 Apr 2021 20:33:55 GMT" time="55.732" errors="0">
  <testcase name="test" time="10.164" classname="com.AdvancePlus.Test.TST_T2"/>
  <testcase name="test" time="9.193" classname="com.AdvancePlus.Test.TST_T2"/>
  <testcase name="test" time="9.281" classname="com.AdvancePlus.Test.TST_T2"/>
  <testcase name="test" time="8.442" classname="com.AdvancePlus.Test.TST_T2"/>
  <testcase name="test" time="9.047" classname="com.AdvancePlus.Test.TST_T2"/>
  <testcase name="test" time="9.605" classname="com.AdvancePlus.Test.TST_T2"/>
</testsuite> <!-- com.AdvancePlus.Test.TST_T2 -->
